Flow report for Caldeira
Tue Nov 01 14:48:52 2016
Quartus II 64-Bit Version 13.1.0 Build 162 10/23/2013 SJ Web Edition


---------------------
; Table of Contents ;
---------------------
  1. Legal Notice
  2. Flow Summary
  3. Flow Settings
  4. Flow Non-Default Global Settings
  5. Flow Elapsed Time
  6. Flow OS Summary
  7. Flow Log
  8. Flow Messages
  9. Flow Suppressed Messages



----------------
; Legal Notice ;
----------------
Copyright (C) 1991-2013 Altera Corporation
Your use of Altera Corporation's design tools, logic functions 
and other software and tools, and its AMPP partner logic 
functions, and any output files from any of the foregoing 
(including device programming or simulation files), and any 
associated documentation or information are expressly subject 
to the terms and conditions of the Altera Program License 
Subscription Agreement, Altera MegaCore Function License 
Agreement, or other applicable license agreement, including, 
without limitation, that your use is for the sole purpose of 
programming logic devices manufactured by Altera and sold by 
Altera or its authorized distributors.  Please refer to the 
applicable agreement for further details.



+---------------------------------------------------------------------------------+
; Flow Summary                                                                    ;
+------------------------------------+--------------------------------------------+
; Flow Status                        ; Successful - Tue Nov 01 14:48:45 2016      ;
; Quartus II 64-Bit Version          ; 13.1.0 Build 162 10/23/2013 SJ Web Edition ;
; Revision Name                      ; Caldeira                                   ;
; Top-level Entity Name              ; Caldeira                                   ;
; Family                             ; Cyclone III                                ;
; Device                             ; EP3C16F484C6                               ;
; Timing Models                      ; Final                                      ;
; Total logic elements               ; 3,508 / 15,408 ( 23 % )                    ;
;     Total combinational functions  ; 3,156 / 15,408 ( 20 % )                    ;
;     Dedicated logic registers      ; 2,101 / 15,408 ( 14 % )                    ;
; Total registers                    ; 2101                                       ;
; Total pins                         ; 237 / 347 ( 68 % )                         ;
; Total virtual pins                 ; 0                                          ;
; Total memory bits                  ; 325,504 / 516,096 ( 63 % )                 ;
; Embedded Multiplier 9-bit elements ; 4 / 112 ( 4 % )                            ;
; Total PLLs                         ; 0 / 4 ( 0 % )                              ;
+------------------------------------+--------------------------------------------+


+-----------------------------------------+
; Flow Settings                           ;
+-------------------+---------------------+
; Option            ; Setting             ;
+-------------------+---------------------+
; Start date & time ; 11/01/2016 14:47:47 ;
; Main task         ; Compilation         ;
; Revision Name     ; Caldeira            ;
+-------------------+---------------------+


+-------------------------------------------------------------------------------------------------------------------------------------------------------------------------------+
; Flow Non-Default Global Settings                                                                                                                                              ;
+-------------------------------------+------------------------------------------------------------+---------------+-----------------------------------------------+------------+
; Assignment Name                     ; Value                                                      ; Default Value ; Entity Name                                   ; Section Id ;
+-------------------------------------+------------------------------------------------------------+---------------+-----------------------------------------------+------------+
; COMPILER_SIGNATURE_ID               ; 172306920300635.147801886710996                            ; --            ; --                                            ; --         ;
; IP_TOOL_ENV                         ; Qsys                                                       ; --            ; CPU_NIOS                                      ; --         ;
; IP_TOOL_ENV                         ; Qsys                                                       ; --            ; CPU_NIOS_cpu                                  ; --         ;
; IP_TOOL_ENV                         ; Qsys                                                       ; --            ; CPU_NIOS_hex0                                 ; --         ;
; IP_TOOL_ENV                         ; Qsys                                                       ; --            ; CPU_NIOS_irq_mapper                           ; --         ;
; IP_TOOL_ENV                         ; Qsys                                                       ; --            ; CPU_NIOS_jtag_uart                            ; --         ;
; IP_TOOL_ENV                         ; Qsys                                                       ; --            ; CPU_NIOS_led                                  ; --         ;
; IP_TOOL_ENV                         ; Qsys                                                       ; --            ; CPU_NIOS_mm_interconnect_0                    ; --         ;
; IP_TOOL_ENV                         ; Qsys                                                       ; --            ; CPU_NIOS_mm_interconnect_0_addr_router        ; --         ;
; IP_TOOL_ENV                         ; Qsys                                                       ; --            ; CPU_NIOS_mm_interconnect_0_addr_router_001    ; --         ;
; IP_TOOL_ENV                         ; Qsys                                                       ; --            ; CPU_NIOS_mm_interconnect_0_cmd_xbar_demux     ; --         ;
; IP_TOOL_ENV                         ; Qsys                                                       ; --            ; CPU_NIOS_mm_interconnect_0_cmd_xbar_demux_001 ; --         ;
; IP_TOOL_ENV                         ; Qsys                                                       ; --            ; CPU_NIOS_mm_interconnect_0_cmd_xbar_mux       ; --         ;
; IP_TOOL_ENV                         ; Qsys                                                       ; --            ; CPU_NIOS_mm_interconnect_0_cmd_xbar_mux_002   ; --         ;
; IP_TOOL_ENV                         ; Qsys                                                       ; --            ; CPU_NIOS_mm_interconnect_0_id_router          ; --         ;
; IP_TOOL_ENV                         ; Qsys                                                       ; --            ; CPU_NIOS_mm_interconnect_0_id_router_002      ; --         ;
; IP_TOOL_ENV                         ; Qsys                                                       ; --            ; CPU_NIOS_mm_interconnect_0_rsp_xbar_demux     ; --         ;
; IP_TOOL_ENV                         ; Qsys                                                       ; --            ; CPU_NIOS_mm_interconnect_0_rsp_xbar_demux_002 ; --         ;
; IP_TOOL_ENV                         ; Qsys                                                       ; --            ; CPU_NIOS_mm_interconnect_0_rsp_xbar_mux       ; --         ;
; IP_TOOL_ENV                         ; Qsys                                                       ; --            ; CPU_NIOS_mm_interconnect_0_rsp_xbar_mux_001   ; --         ;
; IP_TOOL_ENV                         ; Qsys                                                       ; --            ; CPU_NIOS_onchip_memory                        ; --         ;
; IP_TOOL_ENV                         ; Qsys                                                       ; --            ; CPU_NIOS_preparar                             ; --         ;
; IP_TOOL_ENV                         ; Qsys                                                       ; --            ; CPU_NIOS_switch                               ; --         ;
; IP_TOOL_ENV                         ; Qsys                                                       ; --            ; CPU_NIOS_sysid                                ; --         ;
; IP_TOOL_ENV                         ; Qsys                                                       ; --            ; altera_avalon_sc_fifo                         ; --         ;
; IP_TOOL_ENV                         ; Qsys                                                       ; --            ; altera_merlin_master_agent                    ; --         ;
; IP_TOOL_ENV                         ; Qsys                                                       ; --            ; altera_merlin_master_translator               ; --         ;
; IP_TOOL_ENV                         ; Qsys                                                       ; --            ; altera_merlin_slave_agent                     ; --         ;
; IP_TOOL_ENV                         ; Qsys                                                       ; --            ; altera_merlin_slave_translator                ; --         ;
; IP_TOOL_ENV                         ; Qsys                                                       ; --            ; altera_merlin_traffic_limiter                 ; --         ;
; IP_TOOL_ENV                         ; Qsys                                                       ; --            ; altera_reset_controller                       ; --         ;
; IP_TOOL_NAME                        ; Qsys                                                       ; --            ; CPU_NIOS                                      ; --         ;
; IP_TOOL_NAME                        ; altera_nios2_qsys                                          ; --            ; CPU_NIOS_cpu                                  ; --         ;
; IP_TOOL_NAME                        ; altera_avalon_pio                                          ; --            ; CPU_NIOS_hex0                                 ; --         ;
; IP_TOOL_NAME                        ; altera_irq_mapper                                          ; --            ; CPU_NIOS_irq_mapper                           ; --         ;
; IP_TOOL_NAME                        ; altera_avalon_jtag_uart                                    ; --            ; CPU_NIOS_jtag_uart                            ; --         ;
; IP_TOOL_NAME                        ; altera_avalon_pio                                          ; --            ; CPU_NIOS_led                                  ; --         ;
; IP_TOOL_NAME                        ; altera_merlin_interconnect_wrapper                         ; --            ; CPU_NIOS_mm_interconnect_0                    ; --         ;
; IP_TOOL_NAME                        ; altera_merlin_router                                       ; --            ; CPU_NIOS_mm_interconnect_0_addr_router        ; --         ;
; IP_TOOL_NAME                        ; altera_merlin_router                                       ; --            ; CPU_NIOS_mm_interconnect_0_addr_router_001    ; --         ;
; IP_TOOL_NAME                        ; altera_merlin_demultiplexer                                ; --            ; CPU_NIOS_mm_interconnect_0_cmd_xbar_demux     ; --         ;
; IP_TOOL_NAME                        ; altera_merlin_demultiplexer                                ; --            ; CPU_NIOS_mm_interconnect_0_cmd_xbar_demux_001 ; --         ;
; IP_TOOL_NAME                        ; altera_merlin_multiplexer                                  ; --            ; CPU_NIOS_mm_interconnect_0_cmd_xbar_mux       ; --         ;
; IP_TOOL_NAME                        ; altera_merlin_multiplexer                                  ; --            ; CPU_NIOS_mm_interconnect_0_cmd_xbar_mux_002   ; --         ;
; IP_TOOL_NAME                        ; altera_merlin_router                                       ; --            ; CPU_NIOS_mm_interconnect_0_id_router          ; --         ;
; IP_TOOL_NAME                        ; altera_merlin_router                                       ; --            ; CPU_NIOS_mm_interconnect_0_id_router_002      ; --         ;
; IP_TOOL_NAME                        ; altera_merlin_demultiplexer                                ; --            ; CPU_NIOS_mm_interconnect_0_rsp_xbar_demux     ; --         ;
; IP_TOOL_NAME                        ; altera_merlin_demultiplexer                                ; --            ; CPU_NIOS_mm_interconnect_0_rsp_xbar_demux_002 ; --         ;
; IP_TOOL_NAME                        ; altera_merlin_multiplexer                                  ; --            ; CPU_NIOS_mm_interconnect_0_rsp_xbar_mux       ; --         ;
; IP_TOOL_NAME                        ; altera_merlin_multiplexer                                  ; --            ; CPU_NIOS_mm_interconnect_0_rsp_xbar_mux_001   ; --         ;
; IP_TOOL_NAME                        ; altera_avalon_onchip_memory2                               ; --            ; CPU_NIOS_onchip_memory                        ; --         ;
; IP_TOOL_NAME                        ; altera_avalon_pio                                          ; --            ; CPU_NIOS_preparar                             ; --         ;
; IP_TOOL_NAME                        ; altera_avalon_pio                                          ; --            ; CPU_NIOS_switch                               ; --         ;
; IP_TOOL_NAME                        ; altera_avalon_sysid_qsys                                   ; --            ; CPU_NIOS_sysid                                ; --         ;
; IP_TOOL_NAME                        ; altera_avalon_sc_fifo                                      ; --            ; altera_avalon_sc_fifo                         ; --         ;
; IP_TOOL_NAME                        ; altera_merlin_master_agent                                 ; --            ; altera_merlin_master_agent                    ; --         ;
; IP_TOOL_NAME                        ; altera_merlin_master_translator                            ; --            ; altera_merlin_master_translator               ; --         ;
; IP_TOOL_NAME                        ; altera_merlin_slave_agent                                  ; --            ; altera_merlin_slave_agent                     ; --         ;
; IP_TOOL_NAME                        ; altera_merlin_slave_translator                             ; --            ; altera_merlin_slave_translator                ; --         ;
; IP_TOOL_NAME                        ; altera_merlin_traffic_limiter                              ; --            ; altera_merlin_traffic_limiter                 ; --         ;
; IP_TOOL_NAME                        ; altera_reset_controller                                    ; --            ; altera_reset_controller                       ; --         ;
; IP_TOOL_VERSION                     ; 13.1                                                       ; --            ; CPU_NIOS                                      ; --         ;
; IP_TOOL_VERSION                     ; 13.1                                                       ; --            ; CPU_NIOS_cpu                                  ; --         ;
; IP_TOOL_VERSION                     ; 13.1                                                       ; --            ; CPU_NIOS_hex0                                 ; --         ;
; IP_TOOL_VERSION                     ; 13.1                                                       ; --            ; CPU_NIOS_irq_mapper                           ; --         ;
; IP_TOOL_VERSION                     ; 13.1                                                       ; --            ; CPU_NIOS_jtag_uart                            ; --         ;
; IP_TOOL_VERSION                     ; 13.1                                                       ; --            ; CPU_NIOS_led                                  ; --         ;
; IP_TOOL_VERSION                     ; 13.1                                                       ; --            ; CPU_NIOS_mm_interconnect_0                    ; --         ;
; IP_TOOL_VERSION                     ; 13.1                                                       ; --            ; CPU_NIOS_mm_interconnect_0_addr_router        ; --         ;
; IP_TOOL_VERSION                     ; 13.1                                                       ; --            ; CPU_NIOS_mm_interconnect_0_addr_router_001    ; --         ;
; IP_TOOL_VERSION                     ; 13.1                                                       ; --            ; CPU_NIOS_mm_interconnect_0_cmd_xbar_demux     ; --         ;
; IP_TOOL_VERSION                     ; 13.1                                                       ; --            ; CPU_NIOS_mm_interconnect_0_cmd_xbar_demux_001 ; --         ;
; IP_TOOL_VERSION                     ; 13.1                                                       ; --            ; CPU_NIOS_mm_interconnect_0_cmd_xbar_mux       ; --         ;
; IP_TOOL_VERSION                     ; 13.1                                                       ; --            ; CPU_NIOS_mm_interconnect_0_cmd_xbar_mux_002   ; --         ;
; IP_TOOL_VERSION                     ; 13.1                                                       ; --            ; CPU_NIOS_mm_interconnect_0_id_router          ; --         ;
; IP_TOOL_VERSION                     ; 13.1                                                       ; --            ; CPU_NIOS_mm_interconnect_0_id_router_002      ; --         ;
; IP_TOOL_VERSION                     ; 13.1                                                       ; --            ; CPU_NIOS_mm_interconnect_0_rsp_xbar_demux     ; --         ;
; IP_TOOL_VERSION                     ; 13.1                                                       ; --            ; CPU_NIOS_mm_interconnect_0_rsp_xbar_demux_002 ; --         ;
; IP_TOOL_VERSION                     ; 13.1                                                       ; --            ; CPU_NIOS_mm_interconnect_0_rsp_xbar_mux       ; --         ;
; IP_TOOL_VERSION                     ; 13.1                                                       ; --            ; CPU_NIOS_mm_interconnect_0_rsp_xbar_mux_001   ; --         ;
; IP_TOOL_VERSION                     ; 13.1                                                       ; --            ; CPU_NIOS_onchip_memory                        ; --         ;
; IP_TOOL_VERSION                     ; 13.1                                                       ; --            ; CPU_NIOS_preparar                             ; --         ;
; IP_TOOL_VERSION                     ; 13.1                                                       ; --            ; CPU_NIOS_switch                               ; --         ;
; IP_TOOL_VERSION                     ; 13.1                                                       ; --            ; CPU_NIOS_sysid                                ; --         ;
; IP_TOOL_VERSION                     ; 13.1                                                       ; --            ; altera_avalon_sc_fifo                         ; --         ;
; IP_TOOL_VERSION                     ; 13.1                                                       ; --            ; altera_merlin_master_agent                    ; --         ;
; IP_TOOL_VERSION                     ; 13.1                                                       ; --            ; altera_merlin_master_translator               ; --         ;
; IP_TOOL_VERSION                     ; 13.1                                                       ; --            ; altera_merlin_slave_agent                     ; --         ;
; IP_TOOL_VERSION                     ; 13.1                                                       ; --            ; altera_merlin_slave_translator                ; --         ;
; IP_TOOL_VERSION                     ; 13.1                                                       ; --            ; altera_merlin_traffic_limiter                 ; --         ;
; IP_TOOL_VERSION                     ; 13.1                                                       ; --            ; altera_reset_controller                       ; --         ;
; MAX_CORE_JUNCTION_TEMP              ; 85                                                         ; --            ; --                                            ; --         ;
; MIN_CORE_JUNCTION_TEMP              ; 0                                                          ; --            ; --                                            ; --         ;
; MISC_FILE                           ; CPU_NIOS/synthesis/../../CPU_NIOS.cmp                      ; --            ; --                                            ; --         ;
; MISC_FILE                           ; CPU_NIOS/synthesis/../../CPU_NIOS.qsys                     ; --            ; --                                            ; --         ;
; PARTITION_COLOR                     ; 16764057                                                   ; --            ; --                                            ; Top        ;
; PARTITION_FITTER_PRESERVATION_LEVEL ; PLACEMENT_AND_ROUTING                                      ; --            ; --                                            ; Top        ;
; PARTITION_NETLIST_TYPE              ; SOURCE                                                     ; --            ; --                                            ; Top        ;
; POWER_BOARD_THERMAL_MODEL           ; None (CONSERVATIVE)                                        ; --            ; --                                            ; --         ;
; POWER_PRESET_COOLING_SOLUTION       ; 23 MM HEAT SINK WITH 200 LFPM AIRFLOW                      ; --            ; --                                            ; --         ;
; SLD_FILE                            ; CPU_NIOS/synthesis/CPU_NIOS.regmap                         ; --            ; --                                            ; --         ;
; SLD_FILE                            ; CPU_NIOS/synthesis/CPU_NIOS.debuginfo                      ; --            ; --                                            ; --         ;
; SLD_INFO                            ; QSYS_NAME CPU_NIOS HAS_SOPCINFO 1 GENERATION_ID 1478015793 ; --            ; CPU_NIOS                                      ; --         ;
; SOPCINFO_FILE                       ; CPU_NIOS/synthesis/../../CPU_NIOS.sopcinfo                 ; --            ; --                                            ; --         ;
; SYNTHESIS_ONLY_QIP                  ; On                                                         ; --            ; --                                            ; --         ;
+-------------------------------------+------------------------------------------------------------+---------------+-----------------------------------------------+------------+


+-------------------------------------------------------------------------------------------------------------------------------+
; Flow Elapsed Time                                                                                                             ;
+---------------------------+--------------+-------------------------+---------------------+------------------------------------+
; Module Name               ; Elapsed Time ; Average Processors Used ; Peak Virtual Memory ; Total CPU Time (on all processors) ;
+---------------------------+--------------+-------------------------+---------------------+------------------------------------+
; Analysis & Synthesis      ; 00:00:24     ; 1.0                     ; 682 MB              ; 00:00:21                           ;
; Fitter                    ; 00:00:26     ; 1.0                     ; 923 MB              ; 00:00:24                           ;
; Assembler                 ; 00:00:02     ; 1.0                     ; 487 MB              ; 00:00:02                           ;
; TimeQuest Timing Analyzer ; 00:00:05     ; 1.0                     ; 562 MB              ; 00:00:05                           ;
; Total                     ; 00:00:57     ; --                      ; --                  ; 00:00:52                           ;
+---------------------------+--------------+-------------------------+---------------------+------------------------------------+


+----------------------------------------------------------------------------------------+
; Flow OS Summary                                                                        ;
+---------------------------+------------------+-----------+------------+----------------+
; Module Name               ; Machine Hostname ; OS Name   ; OS Version ; Processor type ;
+---------------------------+------------------+-----------+------------+----------------+
; Analysis & Synthesis      ; Berejuck         ; Windows 7 ; 6.2        ; x86_64         ;
; Fitter                    ; Berejuck         ; Windows 7 ; 6.2        ; x86_64         ;
; Assembler                 ; Berejuck         ; Windows 7 ; 6.2        ; x86_64         ;
; TimeQuest Timing Analyzer ; Berejuck         ; Windows 7 ; 6.2        ; x86_64         ;
+---------------------------+------------------+-----------+------------+----------------+


------------
; Flow Log ;
------------
quartus_map --read_settings_files=on --write_settings_files=off Caldeira -c Caldeira
quartus_fit --read_settings_files=off --write_settings_files=off Caldeira -c Caldeira
quartus_asm --read_settings_files=off --write_settings_files=off Caldeira -c Caldeira
quartus_sta Caldeira -c Caldeira



