
**** Build of configuration Nios II for project novoapp ****

make all 
      1 [main] sh 5840 find_fast_cwd: WARNING: Couldn't compute FAST_CWD pointer.  Please report this problem to
the public mailing list cygwin@cygwin.com
      0 [main] sh 3308 find_fast_cwd: WARNING: Couldn't compute FAST_CWD pointer.  Please report this problem to
the public mailing list cygwin@cygwin.com
      0 [main] echo 6008 find_fast_cwd: WARNING: Couldn't compute FAST_CWD pointer.  Please report this problem to
Info: Building ../novoapp_bsp/
the public mailing list cygwin@cygwin.com
make --no-print-directory -C ../novoapp_bsp/
      0 [main] pwd 7724 find_fast_cwd: WARNING: Couldn't compute FAST_CWD pointer.  Please report this problem to
the public mailing list cygwin@cygwin.com
   1182 [main] sh 5192 find_fast_cwd: WARNING: Couldn't compute FAST_CWD pointer.  Please report this problem to
the public mailing list cygwin@cygwin.com
      1 [main] sh 7356 find_fast_cwd: WARNING: Couldn't compute FAST_CWD pointer.  Please report this problem to
the public mailing list cygwin@cygwin.com
[BSP build complete]
      1 [main] echo 3232 find_fast_cwd: WARNING: Couldn't compute FAST_CWD pointer.  Please report this problem to
Info: Compiling src/Selector.cpp to obj/default/src/Selector.o
the public mailing list cygwin@cygwin.com
      1 [main] mkdir 5924 find_fast_cwd: WARNING: Couldn't compute FAST_CWD pointer.  Please report this problem to
nios2-elf-gcc -xc++ -MP -MMD -c -I../novoapp_bsp//HAL/inc -I../novoapp_bsp/ -I../novoapp_bsp//drivers/inc  -DSYSTEM_BUS_WIDTH=32 -pipe -D__hal__ -DALT_NO_CLEAN_EXIT -D'exit(a)=_exit(a)' -DALT_NO_EXIT -DALT_USE_DIRECT_DRIVERS -DALT_NO_INSTRUCTION_EMULATION -DALT_USE_SMALL_DRIVERS -DSMALL_C_LIB -DALT_SINGLE_THREADED      -Os -g -Wall   -mno-hw-div -mhw-mul -mno-hw-mulx  -o obj/default/src/Selector.o src/Selector.cpp
the public mailing list cygwin@cygwin.com
      1 [main] true 2432 find_fast_cwd: WARNING: Couldn't compute FAST_CWD pointer.  Please report this problem to
the public mailing list cygwin@cygwin.com
      0 [main] echo 5952 find_fast_cwd: WARNING: Couldn't compute FAST_CWD pointer.  Please report this problem to
Info: Linking novoapp.elf
the public mailing list cygwin@cygwin.com
nios2-elf-g++  -T'../novoapp_bsp//linker.x' -msys-crt0='../novoapp_bsp//obj/HAL/src/crt0.o' -msys-lib=hal_bsp -L../novoapp_bsp/  -msmallc  -Wl,-Map=novoapp.map   -Os -g -Wall   -mno-hw-div -mhw-mul -mno-hw-mulx  -o novoapp.elf obj/default/hello_world_small.o obj/default/src/Controller.o obj/default/src/Display.o obj/default/src/Selector.o obj/default/src/reservoirs/ChocolateReservoir.o obj/default/src/reservoirs/CoffeReservoir.o obj/default/src/reservoirs/MilkReservoir.o obj/default/src/reservoirs/SugarReservoir.o -lm 
nios2-elf-insert novoapp.elf --thread_model hal --cpu_name cpu --qsys true --simulation_enabled false --id 0 --sidp 0x11088 --timestamp 1478015793 --stderr_dev jtag_uart --stdin_dev jtag_uart --stdout_dev jtag_uart --sopc_system_name CPU_NIOS --quartus_project_dir "C:/altera_trn/Caldeira" --jdi C:/altera_trn/Caldeira/Caldeira.jdi --sopcinfo C:/altera_trn/Caldeira/CPU_NIOS.sopcinfo
      1 [main] sh 2720 find_fast_cwd: WARNING: Couldn't compute FAST_CWD pointer.  Please report this problem to
the public mailing list cygwin@cygwin.com
      1 [main] uname 2672 find_fast_cwd: WARNING: Couldn't compute FAST_CWD pointer.  Please report this problem to
the public mailing list cygwin@cygwin.com
      1 [main] sh 6744 find_fast_cwd: WARNING: Couldn't compute FAST_CWD pointer.  Please report this problem to
the public mailing list cygwin@cygwin.com
Info: (novoapp.elf) 2092 Bytes program size (code + initialized data).
Info:               29 KBytes free for stack + heap.
      1 [main] echo 8000 find_fast_cwd: WARNING: Couldn't compute FAST_CWD pointer.  Please report this problem to
Info: Creating novoapp.objdump
the public mailing list cygwin@cygwin.com
nios2-elf-objdump --disassemble --syms --all-header --source novoapp.elf >novoapp.objdump
      1 [main] sh 3232 find_fast_cwd: WARNING: Couldn't compute FAST_CWD pointer.  Please report this problem to
the public mailing list cygwin@cygwin.com
      0 [main] sh 7924 find_fast_cwd: WARNING: Couldn't compute FAST_CWD pointer.  Please report this problem to
the public mailing list cygwin@cygwin.com
[novoapp build complete]

**** Build Finished ****
